# JRE version: Java(TM) SE Runtime Environment (8.0_144-b01) (build 1.8.0_144-b01)
# Java VM: Java HotSpot(TM) 64-Bit Server VM (25.144-b01 mixed mode windows-amd64 compressed oops)
Heap:
 PSYoungGen      total 260608K, used 171874K [0x00000000eab00000, 0x00000000ff100000, 0x0000000100000000)
  eden space 192512K, 71% used [0x00000000eab00000,0x00000000f318e140,0x00000000f6700000)
  from space 68096K, 50% used [0x00000000fae80000,0x00000000fcfca870,0x00000000ff100000)
  to   space 70656K, 0% used [0x00000000f6700000,0x00000000f6700000,0x00000000fac00000)
 ParOldGen       total 530944K, used 289519K [0x00000000c0000000, 0x00000000e0680000, 0x00000000eab00000)
  object space 530944K, 54% used [0x00000000c0000000,0x00000000d1abbec8,0x00000000e0680000)
 Metaspace       used 61330K, capacity 64212K, committed 64424K, reserved 1105920K
  class space    used 8317K, capacity 8785K, committed 8872K, reserved 1048576K
GC Heap History (10 events):
Event: 106.859 GC heap before
{Heap before GC invocations=69 (full 3):
 PSYoungGen      total 268800K, used 253796K [0x00000000eab00000, 0x0000000100000000, 0x0000000100000000)
  eden space 194048K, 100% used [0x00000000eab00000,0x00000000f6880000,0x00000000f6880000)
  from space 74752K, 79% used [0x00000000f6880000,0x00000000fa2d92f8,0x00000000fb180000)
  to   space 79872K, 0% used [0x00000000fb200000,0x00000000fb200000,0x0000000100000000)
 ParOldGen       total 530944K, used 253604K [0x00000000c0000000, 0x00000000e0680000, 0x00000000eab00000)
  object space 530944K, 47% used [0x00000000c0000000,0x00000000cf7a9230,0x00000000e0680000)
 Metaspace       used 61018K, capacity 63736K, committed 63784K, reserved 1103872K
  class space    used 8288K, capacity 8743K, committed 8744K, reserved 1048576K
Event: 106.867 GC heap after
Heap after GC invocations=69 (full 3):
 PSYoungGen      total 263168K, used 56980K [0x00000000eab00000, 0x0000000100000000, 0x0000000100000000)
  eden space 183296K, 0% used [0x00000000eab00000,0x00000000eab00000,0x00000000f5e00000)
  from space 79872K, 71% used [0x00000000fb200000,0x00000000fe9a53d8,0x0000000100000000)
  to   space 82944K, 0% used [0x00000000f5e00000,0x00000000f5e00000,0x00000000faf00000)
 ParOldGen       total 530944K, used 253740K [0x00000000c0000000, 0x00000000e0680000, 0x00000000eab00000)
  object space 530944K, 47% used [0x00000000c0000000,0x00000000cf7cb230,0x00000000e0680000)
 Metaspace       used 61018K, capacity 63736K, committed 63784K, reserved 1103872K
  class space    used 8288K, capacity 8743K, committed 8744K, reserved 1048576K
}
Event: 108.211 GC heap before
{Heap before GC invocations=70 (full 3):
 PSYoungGen      total 263168K, used 240276K [0x00000000eab00000, 0x0000000100000000, 0x0000000100000000)
  eden space 183296K, 100% used [0x00000000eab00000,0x00000000f5e00000,0x00000000f5e00000)
  from space 79872K, 71% used [0x00000000fb200000,0x00000000fe9a53d8,0x0000000100000000)
  to   space 82944K, 0% used [0x00000000f5e00000,0x00000000f5e00000,0x00000000faf00000)
 ParOldGen       total 530944K, used 253740K [0x00000000c0000000, 0x00000000e0680000, 0x00000000eab00000)
  object space 530944K, 47% used [0x00000000c0000000,0x00000000cf7cb230,0x00000000e0680000)
 Metaspace       used 61055K, capacity 63864K, committed 64040K, reserved 1103872K
  class space    used 8288K, capacity 8743K, committed 8744K, reserved 1048576K
Event: 108.217 GC heap after
Heap after GC invocations=70 (full 3):
 PSYoungGen      total 222208K, used 38833K [0x00000000eab00000, 0x00000000ffb00000, 0x0000000100000000)
  eden space 183296K, 0% used [0x00000000eab00000,0x00000000eab00000,0x00000000f5e00000)
  from space 38912K, 99% used [0x00000000f5e00000,0x00000000f83ec5d0,0x00000000f8400000)
  to   space 78848K, 0% used [0x00000000fae00000,0x00000000fae00000,0x00000000ffb00000)
 ParOldGen       total 530944K, used 268769K [0x00000000c0000000, 0x00000000e0680000, 0x00000000eab00000)
  object space 530944K, 50% used [0x00000000c0000000,0x00000000d06787e8,0x00000000e0680000)
 Metaspace       used 61055K, capacity 63864K, committed 64040K, reserved 1103872K
  class space    used 8288K, capacity 8743K, committed 8744K, reserved 1048576K
}
Event: 109.581 GC heap before
{Heap before GC invocations=71 (full 3):
 PSYoungGen      total 222208K, used 222129K [0x00000000eab00000, 0x00000000ffb00000, 0x0000000100000000)
  eden space 183296K, 100% used [0x00000000eab00000,0x00000000f5e00000,0x00000000f5e00000)
  from space 38912K, 99% used [0x00000000f5e00000,0x00000000f83ec5d0,0x00000000f8400000)
  to   space 78848K, 0% used [0x00000000fae00000,0x00000000fae00000,0x00000000ffb00000)
 ParOldGen       total 530944K, used 268769K [0x00000000c0000000, 0x00000000e0680000, 0x00000000eab00000)
  object space 530944K, 50% used [0x00000000c0000000,0x00000000d06787e8,0x00000000e0680000)
 Metaspace       used 61093K, capacity 63864K, committed 64040K, reserved 1103872K
  class space    used 8288K, capacity 8743K, committed 8744K, reserved 1048576K
Event: 109.588 GC heap after
Heap after GC invocations=71 (full 3):
 PSYoungGen      total 263168K, used 30882K [0x00000000eab00000, 0x00000000ff780000, 0x0000000100000000)
  eden space 187904K, 0% used [0x00000000eab00000,0x00000000eab00000,0x00000000f6280000)
  from space 75264K, 41% used [0x00000000fae00000,0x00000000fcc28850,0x00000000ff780000)
  to   space 76288K, 0% used [0x00000000f6280000,0x00000000f6280000,0x00000000fad00000)
 ParOldGen       total 530944K, used 289369K [0x00000000c0000000, 0x00000000e0680000, 0x00000000eab00000)
  object space 530944K, 54% used [0x00000000c0000000,0x00000000d1a96730,0x00000000e0680000)
 Metaspace       used 61093K, capacity 63864K, committed 64040K, reserved 1103872K
  class space    used 8288K, capacity 8743K, committed 8744K, reserved 1048576K
}
Event: 110.619 GC heap before
{Heap before GC invocations=72 (full 3):
 PSYoungGen      total 263168K, used 218786K [0x00000000eab00000, 0x00000000ff780000, 0x0000000100000000)
  eden space 187904K, 100% used [0x00000000eab00000,0x00000000f6280000,0x00000000f6280000)
  from space 75264K, 41% used [0x00000000fae00000,0x00000000fcc28850,0x00000000ff780000)
  to   space 76288K, 0% used [0x00000000f6280000,0x00000000f6280000,0x00000000fad00000)
 ParOldGen       total 530944K, used 289373K [0x00000000c0000000, 0x00000000e0680000, 0x00000000eab00000)
  object space 530944K, 54% used [0x00000000c0000000,0x00000000d1a97448,0x00000000e0680000)
 Metaspace       used 61101K, capacity 63928K, committed 64040K, reserved 1103872K
  class space    used 8288K, capacity 8743K, committed 8744K, reserved 1048576K
Event: 110.623 GC heap after
Heap after GC invocations=72 (full 3):
 PSYoungGen      total 264192K, used 34022K [0x00000000eab00000, 0x00000000ff600000, 0x0000000100000000)
  eden space 187904K, 0% used [0x00000000eab00000,0x00000000eab00000,0x00000000f6280000)
  from space 76288K, 44% used [0x00000000f6280000,0x00000000f83b98d0,0x00000000fad00000)
  to   space 73216K, 0% used [0x00000000fae80000,0x00000000fae80000,0x00000000ff600000)
 ParOldGen       total 530944K, used 289445K [0x00000000c0000000, 0x00000000e0680000, 0x00000000eab00000)
  object space 530944K, 54% used [0x00000000c0000000,0x00000000d1aa9448,0x00000000e0680000)
 Metaspace       used 61101K, capacity 63928K, committed 64040K, reserved 1103872K
  class space    used 8288K, capacity 8743K, committed 8744K, reserved 1048576K
}
Event: 111.950 GC heap before
{Heap before GC invocations=73 (full 3):
 PSYoungGen      total 264192K, used 221926K [0x00000000eab00000, 0x00000000ff600000, 0x0000000100000000)
  eden space 187904K, 100% used [0x00000000eab00000,0x00000000f6280000,0x00000000f6280000)
  from space 76288K, 44% used [0x00000000f6280000,0x00000000f83b98d0,0x00000000fad00000)
  to   space 73216K, 0% used [0x00000000fae80000,0x00000000fae80000,0x00000000ff600000)
 ParOldGen       total 530944K, used 289447K [0x00000000c0000000, 0x00000000e0680000, 0x00000000eab00000)
  object space 530944K, 54% used [0x00000000c0000000,0x00000000d1aa9ec8,0x00000000e0680000)
 Metaspace       used 61171K, capacity 63946K, committed 64168K, reserved 1103872K
  class space    used 8302K, capacity 8746K, committed 8872K, reserved 1048576K
Event: 111.955 GC heap after
Heap after GC invocations=73 (full 3):
 PSYoungGen      total 260608K, used 34090K [0x00000000eab00000, 0x00000000ff100000, 0x0000000100000000)
  eden space 192512K, 0% used [0x00000000eab00000,0x00000000eab00000,0x00000000f6700000)
  from space 68096K, 50% used [0x00000000fae80000,0x00000000fcfca870,0x00000000ff100000)
  to   space 70656K, 0% used [0x00000000f6700000,0x00000000f6700000,0x00000000fac00000)
 ParOldGen       total 530944K, used 289519K [0x00000000c0000000, 0x00000000e0680000, 0x00000000eab00000)
  object space 530944K, 54% used [0x00000000c0000000,0x00000000d1abbec8,0x00000000e0680000)
 Metaspace       used 61171K, capacity 63946K, committed 64168K, reserved 1103872K
  class space    used 8302K, capacity 8746K, committed 8872K, reserved 1048576K
}

