# JRE version: Java(TM) SE Runtime Environment (8.0_144-b01) (build 1.8.0_144-b01)
# Java VM: Java HotSpot(TM) 64-Bit Server VM (25.144-b01 mixed mode windows-amd64 compressed oops)
Heap:
 PSYoungGen      total 54784K, used 352K [0x00000000e0000000, 0x00000000e3e80000, 0x0000000100000000)
  eden space 54272K, 0% used [0x00000000e0000000,0x00000000e0000000,0x00000000e3500000)
  from space 512K, 68% used [0x00000000e3d80000,0x00000000e3dd8000,0x00000000e3e00000)
  to   space 512K, 0% used [0x00000000e3e00000,0x00000000e3e00000,0x00000000e3e80000)
 ParOldGen       total 464896K, used 456661K [0x00000000a0000000, 0x00000000bc600000, 0x00000000e0000000)
  object space 464896K, 98% used [0x00000000a0000000,0x00000000bbdf5660,0x00000000bc600000)
 Metaspace       used 54679K, capacity 58162K, committed 58536K, reserved 1099776K
  class space    used 7363K, capacity 7990K, committed 8112K, reserved 1048576K
GC Heap History (10 events):
Event: 1294.992 GC heap after
Heap after GC invocations=975 (full 2):
 PSYoungGen      total 56832K, used 400K [0x00000000e0000000, 0x00000000e3e80000, 0x0000000100000000)
  eden space 56320K, 0% used [0x00000000e0000000,0x00000000e0000000,0x00000000e3700000)
  from space 512K, 78% used [0x00000000e3d80000,0x00000000e3de4218,0x00000000e3e00000)
  to   space 512K, 0% used [0x00000000e3e00000,0x00000000e3e00000,0x00000000e3e80000)
 ParOldGen       total 464896K, used 456413K [0x00000000a0000000, 0x00000000bc600000, 0x00000000e0000000)
  object space 464896K, 98% used [0x00000000a0000000,0x00000000bbdb7660,0x00000000bc600000)
 Metaspace       used 54679K, capacity 58162K, committed 58536K, reserved 1099776K
  class space    used 7363K, capacity 7990K, committed 8112K, reserved 1048576K
}
Event: 1296.167 GC heap before
{Heap before GC invocations=976 (full 2):
 PSYoungGen      total 56832K, used 56720K [0x00000000e0000000, 0x00000000e3e80000, 0x0000000100000000)
  eden space 56320K, 100% used [0x00000000e0000000,0x00000000e3700000,0x00000000e3700000)
  from space 512K, 78% used [0x00000000e3d80000,0x00000000e3de4218,0x00000000e3e00000)
  to   space 512K, 0% used [0x00000000e3e00000,0x00000000e3e00000,0x00000000e3e80000)
 ParOldGen       total 464896K, used 456413K [0x00000000a0000000, 0x00000000bc600000, 0x00000000e0000000)
  object space 464896K, 98% used [0x00000000a0000000,0x00000000bbdb7660,0x00000000bc600000)
 Metaspace       used 54679K, capacity 58162K, committed 58536K, reserved 1099776K
  class space    used 7363K, capacity 7990K, committed 8112K, reserved 1048576K
Event: 1296.170 GC heap after
Heap after GC invocations=976 (full 2):
 PSYoungGen      total 56320K, used 352K [0x00000000e0000000, 0x00000000e3e80000, 0x0000000100000000)
  eden space 55808K, 0% used [0x00000000e0000000,0x00000000e0000000,0x00000000e3680000)
  from space 512K, 68% used [0x00000000e3e00000,0x00000000e3e58000,0x00000000e3e80000)
  to   space 512K, 0% used [0x00000000e3d80000,0x00000000e3d80000,0x00000000e3e00000)
 ParOldGen       total 464896K, used 456469K [0x00000000a0000000, 0x00000000bc600000, 0x00000000e0000000)
  object space 464896K, 98% used [0x00000000a0000000,0x00000000bbdc5660,0x00000000bc600000)
 Metaspace       used 54679K, capacity 58162K, committed 58536K, reserved 1099776K
  class space    used 7363K, capacity 7990K, committed 8112K, reserved 1048576K
}
Event: 1297.515 GC heap before
{Heap before GC invocations=977 (full 2):
 PSYoungGen      total 56320K, used 56160K [0x00000000e0000000, 0x00000000e3e80000, 0x0000000100000000)
  eden space 55808K, 100% used [0x00000000e0000000,0x00000000e3680000,0x00000000e3680000)
  from space 512K, 68% used [0x00000000e3e00000,0x00000000e3e58000,0x00000000e3e80000)
  to   space 512K, 0% used [0x00000000e3d80000,0x00000000e3d80000,0x00000000e3e00000)
 ParOldGen       total 464896K, used 456469K [0x00000000a0000000, 0x00000000bc600000, 0x00000000e0000000)
  object space 464896K, 98% used [0x00000000a0000000,0x00000000bbdc5660,0x00000000bc600000)
 Metaspace       used 54679K, capacity 58162K, committed 58536K, reserved 1099776K
  class space    used 7363K, capacity 7990K, committed 8112K, reserved 1048576K
Event: 1297.519 GC heap after
Heap after GC invocations=977 (full 2):
 PSYoungGen      total 55808K, used 352K [0x00000000e0000000, 0x00000000e3e80000, 0x0000000100000000)
  eden space 55296K, 0% used [0x00000000e0000000,0x00000000e0000000,0x00000000e3600000)
  from space 512K, 68% used [0x00000000e3d80000,0x00000000e3dd8000,0x00000000e3e00000)
  to   space 512K, 0% used [0x00000000e3e00000,0x00000000e3e00000,0x00000000e3e80000)
 ParOldGen       total 464896K, used 456533K [0x00000000a0000000, 0x00000000bc600000, 0x00000000e0000000)
  object space 464896K, 98% used [0x00000000a0000000,0x00000000bbdd5660,0x00000000bc600000)
 Metaspace       used 54679K, capacity 58162K, committed 58536K, reserved 1099776K
  class space    used 7363K, capacity 7990K, committed 8112K, reserved 1048576K
}
Event: 1298.947 GC heap before
{Heap before GC invocations=978 (full 2):
 PSYoungGen      total 55808K, used 55648K [0x00000000e0000000, 0x00000000e3e80000, 0x0000000100000000)
  eden space 55296K, 100% used [0x00000000e0000000,0x00000000e3600000,0x00000000e3600000)
  from space 512K, 68% used [0x00000000e3d80000,0x00000000e3dd8000,0x00000000e3e00000)
  to   space 512K, 0% used [0x00000000e3e00000,0x00000000e3e00000,0x00000000e3e80000)
 ParOldGen       total 464896K, used 456533K [0x00000000a0000000, 0x00000000bc600000, 0x00000000e0000000)
  object space 464896K, 98% used [0x00000000a0000000,0x00000000bbdd5660,0x00000000bc600000)
 Metaspace       used 54679K, capacity 58162K, committed 58536K, reserved 1099776K
  class space    used 7363K, capacity 7990K, committed 8112K, reserved 1048576K
Event: 1298.950 GC heap after
Heap after GC invocations=978 (full 2):
 PSYoungGen      total 55296K, used 400K [0x00000000e0000000, 0x00000000e3e80000, 0x0000000100000000)
  eden space 54784K, 0% used [0x00000000e0000000,0x00000000e0000000,0x00000000e3580000)
  from space 512K, 78% used [0x00000000e3e00000,0x00000000e3e642d0,0x00000000e3e80000)
  to   space 512K, 0% used [0x00000000e3d80000,0x00000000e3d80000,0x00000000e3e00000)
 ParOldGen       total 464896K, used 456597K [0x00000000a0000000, 0x00000000bc600000, 0x00000000e0000000)
  object space 464896K, 98% used [0x00000000a0000000,0x00000000bbde5660,0x00000000bc600000)
 Metaspace       used 54679K, capacity 58162K, committed 58536K, reserved 1099776K
  class space    used 7363K, capacity 7990K, committed 8112K, reserved 1048576K
}
Event: 1300.126 GC heap before
{Heap before GC invocations=979 (full 2):
 PSYoungGen      total 55296K, used 55184K [0x00000000e0000000, 0x00000000e3e80000, 0x0000000100000000)
  eden space 54784K, 100% used [0x00000000e0000000,0x00000000e3580000,0x00000000e3580000)
  from space 512K, 78% used [0x00000000e3e00000,0x00000000e3e642d0,0x00000000e3e80000)
  to   space 512K, 0% used [0x00000000e3d80000,0x00000000e3d80000,0x00000000e3e00000)
 ParOldGen       total 464896K, used 456597K [0x00000000a0000000, 0x00000000bc600000, 0x00000000e0000000)
  object space 464896K, 98% used [0x00000000a0000000,0x00000000bbde5660,0x00000000bc600000)
 Metaspace       used 54679K, capacity 58162K, committed 58536K, reserved 1099776K
  class space    used 7363K, capacity 7990K, committed 8112K, reserved 1048576K
Event: 1300.129 GC heap after
Heap after GC invocations=979 (full 2):
 PSYoungGen      total 54784K, used 352K [0x00000000e0000000, 0x00000000e3e80000, 0x0000000100000000)
  eden space 54272K, 0% used [0x00000000e0000000,0x00000000e0000000,0x00000000e3500000)
  from space 512K, 68% used [0x00000000e3d80000,0x00000000e3dd8000,0x00000000e3e00000)
  to   space 512K, 0% used [0x00000000e3e00000,0x00000000e3e00000,0x00000000e3e80000)
 ParOldGen       total 464896K, used 456661K [0x00000000a0000000, 0x00000000bc600000, 0x00000000e0000000)
  object space 464896K, 98% used [0x00000000a0000000,0x00000000bbdf5660,0x00000000bc600000)
 Metaspace       used 54679K, capacity 58162K, committed 58536K, reserved 1099776K
  class space    used 7363K, capacity 7990K, committed 8112K, reserved 1048576K
}
Event: 1300.129 GC heap before
{Heap before GC invocations=980 (full 3):
 PSYoungGen      total 54784K, used 352K [0x00000000e0000000, 0x00000000e3e80000, 0x0000000100000000)
  eden space 54272K, 0% used [0x00000000e0000000,0x00000000e0000000,0x00000000e3500000)
  from space 512K, 68% used [0x00000000e3d80000,0x00000000e3dd8000,0x00000000e3e00000)
  to   space 512K, 0% used [0x00000000e3e00000,0x00000000e3e00000,0x00000000e3e80000)
 ParOldGen       total 464896K, used 456661K [0x00000000a0000000, 0x00000000bc600000, 0x00000000e0000000)
  object space 464896K, 98% used [0x00000000a0000000,0x00000000bbdf5660,0x00000000bc600000)
 Metaspace       used 54679K, capacity 58162K, committed 58536K, reserved 1099776K
  class space    used 7363K, capacity 7990K, committed 8112K, reserved 1048576K

