# JRE version: Java(TM) SE Runtime Environment (8.0_144-b01) (build 1.8.0_144-b01)
# Java VM: Java HotSpot(TM) 64-Bit Server VM (25.144-b01 mixed mode windows-amd64 compressed oops)
Heap:
 PSYoungGen      total 345088K, used 188065K [0x00000000eab00000, 0x0000000100000000, 0x0000000100000000)
  eden space 340992K, 54% used [0x00000000eab00000,0x00000000f6198760,0x00000000ff800000)
  from space 4096K, 26% used [0x00000000ffc00000,0x00000000ffd10000,0x0000000100000000)
  to   space 4096K, 0% used [0x00000000ff800000,0x00000000ff800000,0x00000000ffc00000)
 ParOldGen       total 452096K, used 247268K [0x00000000c0000000, 0x00000000db980000, 0x00000000eab00000)
  object space 452096K, 54% used [0x00000000c0000000,0x00000000cf1792c8,0x00000000db980000)
 Metaspace       used 62126K, capacity 65094K, committed 65368K, reserved 1105920K
  class space    used 8515K, capacity 9016K, committed 9088K, reserved 1048576K
GC Heap History (10 events):
Event: 146.596 GC heap before
{Heap before GC invocations=123 (full 3):
 PSYoungGen      total 344064K, used 342405K [0x00000000eab00000, 0x0000000100000000, 0x0000000100000000)
  eden space 339968K, 100% used [0x00000000eab00000,0x00000000ff700000,0x00000000ff700000)
  from space 4096K, 59% used [0x00000000ff700000,0x00000000ff961640,0x00000000ffb00000)
  to   space 4096K, 0% used [0x00000000ffc00000,0x00000000ffc00000,0x0000000100000000)
 ParOldGen       total 452096K, used 245498K [0x00000000c0000000, 0x00000000db980000, 0x00000000eab00000)
  object space 452096K, 54% used [0x00000000c0000000,0x00000000cefbeb60,0x00000000db980000)
 Metaspace       used 61919K, capacity 64944K, committed 65112K, reserved 1105920K
  class space    used 8486K, capacity 8975K, committed 9088K, reserved 1048576K
Event: 146.599 GC heap after
Heap after GC invocations=123 (full 3):
 PSYoungGen      total 345088K, used 2293K [0x00000000eab00000, 0x0000000100000000, 0x0000000100000000)
  eden space 340992K, 0% used [0x00000000eab00000,0x00000000eab00000,0x00000000ff800000)
  from space 4096K, 55% used [0x00000000ffc00000,0x00000000ffe3d650,0x0000000100000000)
  to   space 4096K, 0% used [0x00000000ff800000,0x00000000ff800000,0x00000000ffc00000)
 ParOldGen       total 452096K, used 245679K [0x00000000c0000000, 0x00000000db980000, 0x00000000eab00000)
  object space 452096K, 54% used [0x00000000c0000000,0x00000000cefebe20,0x00000000db980000)
 Metaspace       used 61919K, capacity 64944K, committed 65112K, reserved 1105920K
  class space    used 8486K, capacity 8975K, committed 9088K, reserved 1048576K
}
Event: 148.465 GC heap before
{Heap before GC invocations=124 (full 3):
 PSYoungGen      total 345088K, used 343285K [0x00000000eab00000, 0x0000000100000000, 0x0000000100000000)
  eden space 340992K, 100% used [0x00000000eab00000,0x00000000ff800000,0x00000000ff800000)
  from space 4096K, 55% used [0x00000000ffc00000,0x00000000ffe3d650,0x0000000100000000)
  to   space 4096K, 0% used [0x00000000ff800000,0x00000000ff800000,0x00000000ffc00000)
 ParOldGen       total 452096K, used 245679K [0x00000000c0000000, 0x00000000db980000, 0x00000000eab00000)
  object space 452096K, 54% used [0x00000000c0000000,0x00000000cefebe20,0x00000000db980000)
 Metaspace       used 61919K, capacity 64944K, committed 65112K, reserved 1105920K
  class space    used 8486K, capacity 8975K, committed 9088K, reserved 1048576K
Event: 148.468 GC heap after
Heap after GC invocations=124 (full 3):
 PSYoungGen      total 345088K, used 2229K [0x00000000eab00000, 0x0000000100000000, 0x0000000100000000)
  eden space 340992K, 0% used [0x00000000eab00000,0x00000000eab00000,0x00000000ff800000)
  from space 4096K, 54% used [0x00000000ff800000,0x00000000ffa2d650,0x00000000ffc00000)
  to   space 4096K, 0% used [0x00000000ffc00000,0x00000000ffc00000,0x0000000100000000)
 ParOldGen       total 452096K, used 245783K [0x00000000c0000000, 0x00000000db980000, 0x00000000eab00000)
  object space 452096K, 54% used [0x00000000c0000000,0x00000000cf005e20,0x00000000db980000)
 Metaspace       used 61919K, capacity 64944K, committed 65112K, reserved 1105920K
  class space    used 8486K, capacity 8975K, committed 9088K, reserved 1048576K
}
Event: 150.280 GC heap before
{Heap before GC invocations=125 (full 3):
 PSYoungGen      total 345088K, used 343221K [0x00000000eab00000, 0x0000000100000000, 0x0000000100000000)
  eden space 340992K, 100% used [0x00000000eab00000,0x00000000ff800000,0x00000000ff800000)
  from space 4096K, 54% used [0x00000000ff800000,0x00000000ffa2d650,0x00000000ffc00000)
  to   space 4096K, 0% used [0x00000000ffc00000,0x00000000ffc00000,0x0000000100000000)
 ParOldGen       total 452096K, used 245783K [0x00000000c0000000, 0x00000000db980000, 0x00000000eab00000)
  object space 452096K, 54% used [0x00000000c0000000,0x00000000cf005e20,0x00000000db980000)
 Metaspace       used 61923K, capacity 64944K, committed 65112K, reserved 1105920K
  class space    used 8486K, capacity 8975K, committed 9088K, reserved 1048576K
Event: 150.282 GC heap after
Heap after GC invocations=125 (full 3):
 PSYoungGen      total 345088K, used 896K [0x00000000eab00000, 0x0000000100000000, 0x0000000100000000)
  eden space 340992K, 0% used [0x00000000eab00000,0x00000000eab00000,0x00000000ff800000)
  from space 4096K, 21% used [0x00000000ffc00000,0x00000000ffce0000,0x0000000100000000)
  to   space 4096K, 0% used [0x00000000ff800000,0x00000000ff800000,0x00000000ffc00000)
 ParOldGen       total 452096K, used 247116K [0x00000000c0000000, 0x00000000db980000, 0x00000000eab00000)
  object space 452096K, 54% used [0x00000000c0000000,0x00000000cf153080,0x00000000db980000)
 Metaspace       used 61923K, capacity 64944K, committed 65112K, reserved 1105920K
  class space    used 8486K, capacity 8975K, committed 9088K, reserved 1048576K
}
Event: 152.152 GC heap before
{Heap before GC invocations=126 (full 3):
 PSYoungGen      total 345088K, used 341888K [0x00000000eab00000, 0x0000000100000000, 0x0000000100000000)
  eden space 340992K, 100% used [0x00000000eab00000,0x00000000ff800000,0x00000000ff800000)
  from space 4096K, 21% used [0x00000000ffc00000,0x00000000ffce0000,0x0000000100000000)
  to   space 4096K, 0% used [0x00000000ff800000,0x00000000ff800000,0x00000000ffc00000)
 ParOldGen       total 452096K, used 247116K [0x00000000c0000000, 0x00000000db980000, 0x00000000eab00000)
  object space 452096K, 54% used [0x00000000c0000000,0x00000000cf153080,0x00000000db980000)
 Metaspace       used 61926K, capacity 64944K, committed 65112K, reserved 1105920K
  class space    used 8486K, capacity 8975K, committed 9088K, reserved 1048576K
Event: 152.155 GC heap after
Heap after GC invocations=126 (full 3):
 PSYoungGen      total 345088K, used 896K [0x00000000eab00000, 0x0000000100000000, 0x0000000100000000)
  eden space 340992K, 0% used [0x00000000eab00000,0x00000000eab00000,0x00000000ff800000)
  from space 4096K, 21% used [0x00000000ff800000,0x00000000ff8e0000,0x00000000ffc00000)
  to   space 4096K, 0% used [0x00000000ffc00000,0x00000000ffc00000,0x0000000100000000)
 ParOldGen       total 452096K, used 247191K [0x00000000c0000000, 0x00000000db980000, 0x00000000eab00000)
  object space 452096K, 54% used [0x00000000c0000000,0x00000000cf165d18,0x00000000db980000)
 Metaspace       used 61926K, capacity 64944K, committed 65112K, reserved 1105920K
  class space    used 8486K, capacity 8975K, committed 9088K, reserved 1048576K
}
Event: 153.965 GC heap before
{Heap before GC invocations=127 (full 3):
 PSYoungGen      total 345088K, used 341888K [0x00000000eab00000, 0x0000000100000000, 0x0000000100000000)
  eden space 340992K, 100% used [0x00000000eab00000,0x00000000ff800000,0x00000000ff800000)
  from space 4096K, 21% used [0x00000000ff800000,0x00000000ff8e0000,0x00000000ffc00000)
  to   space 4096K, 0% used [0x00000000ffc00000,0x00000000ffc00000,0x0000000100000000)
 ParOldGen       total 452096K, used 247191K [0x00000000c0000000, 0x00000000db980000, 0x00000000eab00000)
  object space 452096K, 54% used [0x00000000c0000000,0x00000000cf165d18,0x00000000db980000)
 Metaspace       used 61986K, capacity 64962K, committed 65112K, reserved 1105920K
  class space    used 8500K, capacity 8978K, committed 9088K, reserved 1048576K
Event: 153.968 GC heap after
Heap after GC invocations=127 (full 3):
 PSYoungGen      total 345088K, used 1088K [0x00000000eab00000, 0x0000000100000000, 0x0000000100000000)
  eden space 340992K, 0% used [0x00000000eab00000,0x00000000eab00000,0x00000000ff800000)
  from space 4096K, 26% used [0x00000000ffc00000,0x00000000ffd10000,0x0000000100000000)
  to   space 4096K, 0% used [0x00000000ff800000,0x00000000ff800000,0x00000000ffc00000)
 ParOldGen       total 452096K, used 247268K [0x00000000c0000000, 0x00000000db980000, 0x00000000eab00000)
  object space 452096K, 54% used [0x00000000c0000000,0x00000000cf1792c8,0x00000000db980000)
 Metaspace       used 61986K, capacity 64962K, committed 65112K, reserved 1105920K
  class space    used 8500K, capacity 8978K, committed 9088K, reserved 1048576K
}

